{"name":"hexo","hostname":"bogon","pid":50927,"level":20,"msg":"Hexo version: \u001b[35m3.3.5\u001b[39m","time":"2017-05-06T03:52:21.693Z","v":0}
{"name":"hexo","hostname":"bogon","pid":50927,"level":20,"msg":"Working directory: \u001b[35m~/Desktop/HSNGitHub/huangshuni.github.io/\u001b[39m","time":"2017-05-06T03:52:21.695Z","v":0}
{"name":"hexo","hostname":"bogon","pid":50927,"level":20,"msg":"Config loaded: \u001b[35m~/Desktop/HSNGitHub/huangshuni.github.io/_config.yml\u001b[39m","time":"2017-05-06T03:52:21.813Z","v":0}
{"name":"hexo","hostname":"bogon","pid":50927,"level":20,"msg":"Plugin loaded: \u001b[35mhexo-generator-archive\u001b[39m","time":"2017-05-06T03:52:21.832Z","v":0}
{"name":"hexo","hostname":"bogon","pid":50927,"level":20,"msg":"Plugin loaded: \u001b[35mhexo-generator-index\u001b[39m","time":"2017-05-06T03:52:21.835Z","v":0}
{"name":"hexo","hostname":"bogon","pid":50927,"level":20,"msg":"Plugin loaded: \u001b[35mhexo-generator-searchdb\u001b[39m","time":"2017-05-06T03:52:21.842Z","v":0}
{"name":"hexo","hostname":"bogon","pid":50927,"level":20,"msg":"Plugin loaded: \u001b[35mhexo-generator-category\u001b[39m","time":"2017-05-06T03:52:21.845Z","v":0}
{"name":"hexo","hostname":"bogon","pid":50927,"level":20,"msg":"Plugin loaded: \u001b[35mhexo-generator-tag\u001b[39m","time":"2017-05-06T03:52:21.846Z","v":0}
{"name":"hexo","hostname":"bogon","pid":50927,"level":20,"msg":"Plugin loaded: \u001b[35mhexo-renderer-ejs\u001b[39m","time":"2017-05-06T03:52:21.850Z","v":0}
{"name":"hexo","hostname":"bogon","pid":50927,"level":20,"msg":"Plugin loaded: \u001b[35mhexo-renderer-marked\u001b[39m","time":"2017-05-06T03:52:21.859Z","v":0}
{"name":"hexo","hostname":"bogon","pid":50927,"level":20,"msg":"Plugin loaded: \u001b[35mhexo-renderer-stylus\u001b[39m","time":"2017-05-06T03:52:21.860Z","v":0}
{"name":"hexo","hostname":"bogon","pid":50927,"level":20,"msg":"Plugin loaded: \u001b[35mhexo-server\u001b[39m","time":"2017-05-06T03:52:21.946Z","v":0}
{"name":"hexo","hostname":"bogon","pid":50927,"level":20,"msg":"Script loaded: \u001b[35mthemes/next/scripts/tags/button.js\u001b[39m","time":"2017-05-06T03:52:21.947Z","v":0}
{"name":"hexo","hostname":"bogon","pid":50927,"level":20,"msg":"Script loaded: \u001b[35mthemes/next/scripts/merge-configs.js\u001b[39m","time":"2017-05-06T03:52:21.950Z","v":0}
{"name":"hexo","hostname":"bogon","pid":50927,"level":20,"msg":"Script loaded: \u001b[35mthemes/next/scripts/merge.js\u001b[39m","time":"2017-05-06T03:52:21.952Z","v":0}
{"name":"hexo","hostname":"bogon","pid":50927,"level":20,"msg":"Script loaded: \u001b[35mthemes/next/scripts/tags/center-quote.js\u001b[39m","time":"2017-05-06T03:52:21.953Z","v":0}
{"name":"hexo","hostname":"bogon","pid":50927,"level":20,"msg":"Script loaded: \u001b[35mthemes/next/scripts/tags/exturl.js\u001b[39m","time":"2017-05-06T03:52:21.953Z","v":0}
{"name":"hexo","hostname":"bogon","pid":50927,"level":20,"msg":"Script loaded: \u001b[35mthemes/next/scripts/tags/full-image.js\u001b[39m","time":"2017-05-06T03:52:21.953Z","v":0}
{"name":"hexo","hostname":"bogon","pid":50927,"level":20,"msg":"Script loaded: \u001b[35mthemes/next/scripts/tags/group-pictures.js\u001b[39m","time":"2017-05-06T03:52:21.954Z","v":0}
{"name":"hexo","hostname":"bogon","pid":50927,"level":20,"msg":"Script loaded: \u001b[35mthemes/next/scripts/tags/note.js\u001b[39m","time":"2017-05-06T03:52:21.955Z","v":0}
{"name":"hexo","hostname":"bogon","pid":50927,"level":20,"msg":"Loading database.","time":"2017-05-06T03:52:21.962Z","v":0}
{"name":"hexo","hostname":"bogon","pid":50927,"level":30,"msg":"Start processing","time":"2017-05-06T03:52:22.035Z","v":0}
{"name":"hexo","hostname":"bogon","pid":50927,"level":20,"msg":"Processed: \u001b[35mdebug.log\u001b[39m","time":"2017-05-06T03:52:22.072Z","v":0}
{"name":"hexo","hostname":"bogon","pid":50927,"level":20,"msg":"Processed: \u001b[35m_posts/first-blog.md\u001b[39m","time":"2017-05-06T03:52:22.120Z","v":0}
{"name":"hexo","hostname":"bogon","pid":50927,"level":20,"msg":"Processed: \u001b[35m_posts/hello-world.md\u001b[39m","time":"2017-05-06T03:52:22.120Z","v":0}
{"name":"hexo","hostname":"bogon","pid":50927,"level":20,"msg":"Processed: \u001b[35mcategories/index.md\u001b[39m","time":"2017-05-06T03:52:22.120Z","v":0}
{"name":"hexo","hostname":"bogon","pid":50927,"level":20,"msg":"Processed: \u001b[35mtags/index.md\u001b[39m","time":"2017-05-06T03:52:22.140Z","v":0}
{"name":"hexo","hostname":"bogon","pid":50927,"level":20,"msg":"Processed: \u001b[35m404.html\u001b[39m","time":"2017-05-06T03:52:22.140Z","v":0}
{"name":"hexo","hostname":"bogon","pid":50927,"level":20,"msg":"Theme config loaded.","time":"2017-05-06T03:52:22.204Z","v":0}
{"name":"hexo","hostname":"bogon","pid":50927,"level":20,"msg":"Processed: \u001b[35m_config.yml\u001b[39m","time":"2017-05-06T03:52:22.205Z","v":0}
{"name":"hexo","hostname":"bogon","pid":50927,"level":20,"msg":"Processed: \u001b[35muploads/money/wechat-reward-image.png\u001b[39m","time":"2017-05-06T03:52:22.205Z","v":0}
{"name":"hexo","hostname":"bogon","pid":50927,"level":20,"msg":"Processed: \u001b[35msource/css/main.styl\u001b[39m","time":"2017-05-06T03:52:22.206Z","v":0}
{"name":"hexo","hostname":"bogon","pid":50927,"level":20,"msg":"Processed: \u001b[35msource/images/avatar.gif\u001b[39m","time":"2017-05-06T03:52:22.206Z","v":0}
{"name":"hexo","hostname":"bogon","pid":50927,"level":20,"msg":"Processed: \u001b[35msource/images/algolia_logo.svg\u001b[39m","time":"2017-05-06T03:52:22.208Z","v":0}
{"name":"hexo","hostname":"bogon","pid":50927,"level":20,"msg":"Processed: \u001b[35msource/images/cc-by-nc-nd.svg\u001b[39m","time":"2017-05-06T03:52:22.209Z","v":0}
{"name":"hexo","hostname":"bogon","pid":50927,"level":20,"msg":"Processed: \u001b[35msource/images/cc-by-nc-sa.svg\u001b[39m","time":"2017-05-06T03:52:22.209Z","v":0}
{"name":"hexo","hostname":"bogon","pid":50927,"level":20,"msg":"Processed: \u001b[35msource/images/cc-by-nc.svg\u001b[39m","time":"2017-05-06T03:52:22.209Z","v":0}
{"name":"hexo","hostname":"bogon","pid":50927,"level":20,"msg":"Processed: \u001b[35msource/images/cc-by-sa.svg\u001b[39m","time":"2017-05-06T03:52:22.210Z","v":0}
{"name":"hexo","hostname":"bogon","pid":50927,"level":20,"msg":"Processed: \u001b[35msource/images/cc-by-nd.svg\u001b[39m","time":"2017-05-06T03:52:22.210Z","v":0}
{"name":"hexo","hostname":"bogon","pid":50927,"level":20,"msg":"Processed: \u001b[35msource/images/loading.gif\u001b[39m","time":"2017-05-06T03:52:22.211Z","v":0}
{"name":"hexo","hostname":"bogon","pid":50927,"level":20,"msg":"Processed: \u001b[35msource/images/cc-by.svg\u001b[39m","time":"2017-05-06T03:52:22.211Z","v":0}
{"name":"hexo","hostname":"bogon","pid":50927,"level":20,"msg":"Processed: \u001b[35msource/images/cc-zero.svg\u001b[39m","time":"2017-05-06T03:52:22.212Z","v":0}
{"name":"hexo","hostname":"bogon","pid":50927,"level":20,"msg":"Processed: \u001b[35msource/images/placeholder.gif\u001b[39m","time":"2017-05-06T03:52:22.212Z","v":0}
{"name":"hexo","hostname":"bogon","pid":50927,"level":20,"msg":"Processed: \u001b[35msource/images/quote-l.svg\u001b[39m","time":"2017-05-06T03:52:22.212Z","v":0}
{"name":"hexo","hostname":"bogon","pid":50927,"level":20,"msg":"Processed: \u001b[35msource/images/quote-r.svg\u001b[39m","time":"2017-05-06T03:52:22.213Z","v":0}
{"name":"hexo","hostname":"bogon","pid":50927,"level":20,"msg":"Processed: \u001b[35msource/images/searchicon.png\u001b[39m","time":"2017-05-06T03:52:22.213Z","v":0}
{"name":"hexo","hostname":"bogon","pid":50927,"level":20,"msg":"Processed: \u001b[35muploads/images/icon.png\u001b[39m","time":"2017-05-06T03:52:22.232Z","v":0}
{"name":"hexo","hostname":"bogon","pid":50927,"level":20,"msg":"Processed: \u001b[35mlayout/.DS_Store\u001b[39m","time":"2017-05-06T03:52:22.450Z","v":0}
{"name":"hexo","hostname":"bogon","pid":50927,"level":20,"msg":"Processed: \u001b[35mlayout/_layout.swig\u001b[39m","time":"2017-05-06T03:52:22.450Z","v":0}
{"name":"hexo","hostname":"bogon","pid":50927,"level":20,"msg":"Processed: \u001b[35mlayout/archive.swig\u001b[39m","time":"2017-05-06T03:52:22.450Z","v":0}
{"name":"hexo","hostname":"bogon","pid":50927,"level":20,"msg":"Processed: \u001b[35mlayout/page.swig\u001b[39m","time":"2017-05-06T03:52:22.450Z","v":0}
{"name":"hexo","hostname":"bogon","pid":50927,"level":20,"msg":"Processed: \u001b[35mlayout/category.swig\u001b[39m","time":"2017-05-06T03:52:22.450Z","v":0}
{"name":"hexo","hostname":"bogon","pid":50927,"level":20,"msg":"Processed: \u001b[35mlayout/index.swig\u001b[39m","time":"2017-05-06T03:52:22.451Z","v":0}
{"name":"hexo","hostname":"bogon","pid":50927,"level":20,"msg":"Processed: \u001b[35mlayout/post.swig\u001b[39m","time":"2017-05-06T03:52:22.451Z","v":0}
{"name":"hexo","hostname":"bogon","pid":50927,"level":20,"msg":"Processed: \u001b[35mlayout/schedule.swig\u001b[39m","time":"2017-05-06T03:52:22.451Z","v":0}
{"name":"hexo","hostname":"bogon","pid":50927,"level":20,"msg":"Processed: \u001b[35mlayout/tag.swig\u001b[39m","time":"2017-05-06T03:52:22.451Z","v":0}
{"name":"hexo","hostname":"bogon","pid":50927,"level":20,"msg":"Processed: \u001b[35mlanguages/de.yml\u001b[39m","time":"2017-05-06T03:52:22.463Z","v":0}
{"name":"hexo","hostname":"bogon","pid":50927,"level":20,"msg":"Processed: \u001b[35mlanguages/en.yml\u001b[39m","time":"2017-05-06T03:52:22.463Z","v":0}
{"name":"hexo","hostname":"bogon","pid":50927,"level":20,"msg":"Processed: \u001b[35mlanguages/default.yml\u001b[39m","time":"2017-05-06T03:52:22.463Z","v":0}
{"name":"hexo","hostname":"bogon","pid":50927,"level":20,"msg":"Processed: \u001b[35mlanguages/id.yml\u001b[39m","time":"2017-05-06T03:52:22.466Z","v":0}
{"name":"hexo","hostname":"bogon","pid":50927,"level":20,"msg":"Processed: \u001b[35mlanguages/fr-FR.yml\u001b[39m","time":"2017-05-06T03:52:22.466Z","v":0}
{"name":"hexo","hostname":"bogon","pid":50927,"level":20,"msg":"Processed: \u001b[35mlanguages/ja.yml\u001b[39m","time":"2017-05-06T03:52:22.466Z","v":0}
{"name":"hexo","hostname":"bogon","pid":50927,"level":20,"msg":"Processed: \u001b[35mlanguages/ko.yml\u001b[39m","time":"2017-05-06T03:52:22.466Z","v":0}
{"name":"hexo","hostname":"bogon","pid":50927,"level":20,"msg":"Processed: \u001b[35mlanguages/pt.yml\u001b[39m","time":"2017-05-06T03:52:22.466Z","v":0}
{"name":"hexo","hostname":"bogon","pid":50927,"level":20,"msg":"Processed: \u001b[35mlanguages/ru.yml\u001b[39m","time":"2017-05-06T03:52:22.466Z","v":0}
{"name":"hexo","hostname":"bogon","pid":50927,"level":20,"msg":"Processed: \u001b[35mlanguages/zh-Hans.yml\u001b[39m","time":"2017-05-06T03:52:22.466Z","v":0}
{"name":"hexo","hostname":"bogon","pid":50927,"level":20,"msg":"Processed: \u001b[35mlanguages/zh-hk.yml\u001b[39m","time":"2017-05-06T03:52:22.466Z","v":0}
{"name":"hexo","hostname":"bogon","pid":50927,"level":20,"msg":"Processed: \u001b[35mlanguages/pt-BR.yml\u001b[39m","time":"2017-05-06T03:52:22.466Z","v":0}
{"name":"hexo","hostname":"bogon","pid":50927,"level":20,"msg":"Processed: \u001b[35mlanguages/zh-tw.yml\u001b[39m","time":"2017-05-06T03:52:22.467Z","v":0}
{"name":"hexo","hostname":"bogon","pid":50927,"level":20,"msg":"Processed: \u001b[35msource/js/src/affix.js\u001b[39m","time":"2017-05-06T03:52:22.467Z","v":0}
{"name":"hexo","hostname":"bogon","pid":50927,"level":20,"msg":"Processed: \u001b[35msource/js/src/algolia-search.js\u001b[39m","time":"2017-05-06T03:52:22.468Z","v":0}
{"name":"hexo","hostname":"bogon","pid":50927,"level":20,"msg":"Processed: \u001b[35msource/js/src/bootstrap.js\u001b[39m","time":"2017-05-06T03:52:22.468Z","v":0}
{"name":"hexo","hostname":"bogon","pid":50927,"level":20,"msg":"Processed: \u001b[35msource/js/src/exturl.js\u001b[39m","time":"2017-05-06T03:52:22.469Z","v":0}
{"name":"hexo","hostname":"bogon","pid":50927,"level":20,"msg":"Processed: \u001b[35msource/js/src/hook-duoshuo.js\u001b[39m","time":"2017-05-06T03:52:22.469Z","v":0}
{"name":"hexo","hostname":"bogon","pid":50927,"level":20,"msg":"Processed: \u001b[35msource/js/src/js.cookie.js\u001b[39m","time":"2017-05-06T03:52:22.469Z","v":0}
{"name":"hexo","hostname":"bogon","pid":50927,"level":20,"msg":"Processed: \u001b[35msource/js/src/scrollspy.js\u001b[39m","time":"2017-05-06T03:52:22.470Z","v":0}
{"name":"hexo","hostname":"bogon","pid":50927,"level":20,"msg":"Processed: \u001b[35msource/js/src/motion.js\u001b[39m","time":"2017-05-06T03:52:22.470Z","v":0}
{"name":"hexo","hostname":"bogon","pid":50927,"level":20,"msg":"Processed: \u001b[35msource/js/src/utils.js\u001b[39m","time":"2017-05-06T03:52:22.470Z","v":0}
{"name":"hexo","hostname":"bogon","pid":50927,"level":20,"msg":"Processed: \u001b[35msource/js/src/scroll-cookie.js\u001b[39m","time":"2017-05-06T03:52:22.470Z","v":0}
{"name":"hexo","hostname":"bogon","pid":50927,"level":20,"msg":"Processed: \u001b[35msource/js/src/post-details.js\u001b[39m","time":"2017-05-06T03:52:22.471Z","v":0}
{"name":"hexo","hostname":"bogon","pid":50927,"level":20,"msg":"Processed: \u001b[35msource/lib/algolia-instant-search/instantsearch.min.css\u001b[39m","time":"2017-05-06T03:52:22.471Z","v":0}
{"name":"hexo","hostname":"bogon","pid":50927,"level":20,"msg":"Processed: \u001b[35msource/lib/canvas-nest/canvas-nest.min.js\u001b[39m","time":"2017-05-06T03:52:22.471Z","v":0}
{"name":"hexo","hostname":"bogon","pid":50927,"level":20,"msg":"Processed: \u001b[35msource/lib/canvas-ribbon/canvas-ribbon.js\u001b[39m","time":"2017-05-06T03:52:22.471Z","v":0}
{"name":"hexo","hostname":"bogon","pid":50927,"level":20,"msg":"Processed: \u001b[35msource/lib/jquery_lazyload/README.md\u001b[39m","time":"2017-05-06T03:52:22.471Z","v":0}
{"name":"hexo","hostname":"bogon","pid":50927,"level":20,"msg":"Processed: \u001b[35msource/lib/jquery_lazyload/CONTRIBUTING.md\u001b[39m","time":"2017-05-06T03:52:22.472Z","v":0}
{"name":"hexo","hostname":"bogon","pid":50927,"level":20,"msg":"Processed: \u001b[35msource/lib/jquery_lazyload/bower.json\u001b[39m","time":"2017-05-06T03:52:22.472Z","v":0}
{"name":"hexo","hostname":"bogon","pid":50927,"level":20,"msg":"Processed: \u001b[35msource/lib/jquery_lazyload/jquery.scrollstop.js\u001b[39m","time":"2017-05-06T03:52:22.472Z","v":0}
{"name":"hexo","hostname":"bogon","pid":50927,"level":20,"msg":"Processed: \u001b[35msource/lib/jquery_lazyload/jquery.lazyload.js\u001b[39m","time":"2017-05-06T03:52:22.472Z","v":0}
{"name":"hexo","hostname":"bogon","pid":50927,"level":20,"msg":"Processed: \u001b[35msource/lib/three/canvas_lines.min.js\u001b[39m","time":"2017-05-06T03:52:22.473Z","v":0}
{"name":"hexo","hostname":"bogon","pid":50927,"level":20,"msg":"Processed: \u001b[35msource/lib/three/three-waves.min.js\u001b[39m","time":"2017-05-06T03:52:22.473Z","v":0}
{"name":"hexo","hostname":"bogon","pid":50927,"level":20,"msg":"Processed: \u001b[35msource/lib/three/canvas_sphere.min.js\u001b[39m","time":"2017-05-06T03:52:22.474Z","v":0}
{"name":"hexo","hostname":"bogon","pid":50927,"level":20,"msg":"Processed: \u001b[35msource/lib/velocity/bower.json\u001b[39m","time":"2017-05-06T03:52:22.474Z","v":0}
{"name":"hexo","hostname":"bogon","pid":50927,"level":20,"msg":"Processed: \u001b[35msource/lib/velocity/velocity.ui.min.js\u001b[39m","time":"2017-05-06T03:52:22.474Z","v":0}
{"name":"hexo","hostname":"bogon","pid":50927,"level":20,"msg":"Processed: \u001b[35msource/lib/velocity/velocity.ui.js\u001b[39m","time":"2017-05-06T03:52:22.474Z","v":0}
{"name":"hexo","hostname":"bogon","pid":50927,"level":20,"msg":"Processed: \u001b[35msource/lib/velocity/velocity.min.js\u001b[39m","time":"2017-05-06T03:52:22.475Z","v":0}
{"name":"hexo","hostname":"bogon","pid":50927,"level":20,"msg":"Processed: \u001b[35msource/lib/fastclick/LICENSE\u001b[39m","time":"2017-05-06T03:52:22.475Z","v":0}
{"name":"hexo","hostname":"bogon","pid":50927,"level":20,"msg":"Processed: \u001b[35msource/lib/fastclick/bower.json\u001b[39m","time":"2017-05-06T03:52:22.475Z","v":0}
{"name":"hexo","hostname":"bogon","pid":50927,"level":20,"msg":"Processed: \u001b[35msource/lib/fastclick/README.md\u001b[39m","time":"2017-05-06T03:52:22.475Z","v":0}
{"name":"hexo","hostname":"bogon","pid":50927,"level":20,"msg":"Processed: \u001b[35msource/lib/font-awesome/HELP-US-OUT.txt\u001b[39m","time":"2017-05-06T03:52:22.476Z","v":0}
{"name":"hexo","hostname":"bogon","pid":50927,"level":20,"msg":"Processed: \u001b[35msource/lib/font-awesome/bower.json\u001b[39m","time":"2017-05-06T03:52:22.476Z","v":0}
{"name":"hexo","hostname":"bogon","pid":50927,"level":20,"msg":"Processed: \u001b[35msource/lib/jquery/index.js\u001b[39m","time":"2017-05-06T03:52:22.489Z","v":0}
{"name":"hexo","hostname":"bogon","pid":50927,"level":20,"msg":"Processed: \u001b[35mlayout/_custom/header.swig\u001b[39m","time":"2017-05-06T03:52:22.554Z","v":0}
{"name":"hexo","hostname":"bogon","pid":50927,"level":20,"msg":"Processed: \u001b[35mlayout/_macro/post-collapse.swig\u001b[39m","time":"2017-05-06T03:52:22.554Z","v":0}
{"name":"hexo","hostname":"bogon","pid":50927,"level":20,"msg":"Processed: \u001b[35mlayout/_custom/sidebar.swig\u001b[39m","time":"2017-05-06T03:52:22.554Z","v":0}
{"name":"hexo","hostname":"bogon","pid":50927,"level":20,"msg":"Processed: \u001b[35mlayout/_macro/post-copyright.swig\u001b[39m","time":"2017-05-06T03:52:22.554Z","v":0}
{"name":"hexo","hostname":"bogon","pid":50927,"level":20,"msg":"Processed: \u001b[35mlayout/_macro/reward.swig\u001b[39m","time":"2017-05-06T03:52:22.554Z","v":0}
{"name":"hexo","hostname":"bogon","pid":50927,"level":20,"msg":"Processed: \u001b[35mlayout/_macro/post.swig\u001b[39m","time":"2017-05-06T03:52:22.554Z","v":0}
{"name":"hexo","hostname":"bogon","pid":50927,"level":20,"msg":"Processed: \u001b[35mlayout/_partials/footer.swig\u001b[39m","time":"2017-05-06T03:52:22.554Z","v":0}
{"name":"hexo","hostname":"bogon","pid":50927,"level":20,"msg":"Processed: \u001b[35mlayout/_macro/wechat-subscriber.swig\u001b[39m","time":"2017-05-06T03:52:22.554Z","v":0}
{"name":"hexo","hostname":"bogon","pid":50927,"level":20,"msg":"Processed: \u001b[35mlayout/_macro/sidebar.swig\u001b[39m","time":"2017-05-06T03:52:22.554Z","v":0}
{"name":"hexo","hostname":"bogon","pid":50927,"level":20,"msg":"Processed: \u001b[35mlayout/_partials/comments.swig\u001b[39m","time":"2017-05-06T03:52:22.554Z","v":0}
{"name":"hexo","hostname":"bogon","pid":50927,"level":20,"msg":"Processed: \u001b[35mlayout/_partials/head.swig\u001b[39m","time":"2017-05-06T03:52:22.554Z","v":0}
{"name":"hexo","hostname":"bogon","pid":50927,"level":20,"msg":"Processed: \u001b[35mlayout/_partials/header.swig\u001b[39m","time":"2017-05-06T03:52:22.554Z","v":0}
{"name":"hexo","hostname":"bogon","pid":50927,"level":20,"msg":"Processed: \u001b[35mlayout/_partials/pagination.swig\u001b[39m","time":"2017-05-06T03:52:22.554Z","v":0}
{"name":"hexo","hostname":"bogon","pid":50927,"level":20,"msg":"Processed: \u001b[35mlayout/_partials/page-header.swig\u001b[39m","time":"2017-05-06T03:52:22.554Z","v":0}
{"name":"hexo","hostname":"bogon","pid":50927,"level":20,"msg":"Processed: \u001b[35mlayout/_partials/search.swig\u001b[39m","time":"2017-05-06T03:52:22.554Z","v":0}
{"name":"hexo","hostname":"bogon","pid":50927,"level":20,"msg":"Processed: \u001b[35mlayout/_scripts/boostrap.swig\u001b[39m","time":"2017-05-06T03:52:22.554Z","v":0}
{"name":"hexo","hostname":"bogon","pid":50927,"level":20,"msg":"Processed: \u001b[35mlayout/_scripts/commons.swig\u001b[39m","time":"2017-05-06T03:52:22.554Z","v":0}
{"name":"hexo","hostname":"bogon","pid":50927,"level":20,"msg":"Processed: \u001b[35mlayout/_scripts/vendors.swig\u001b[39m","time":"2017-05-06T03:52:22.555Z","v":0}
{"name":"hexo","hostname":"bogon","pid":50927,"level":20,"msg":"Processed: \u001b[35mlayout/_third-party/exturl.swig\u001b[39m","time":"2017-05-06T03:52:22.555Z","v":0}
{"name":"hexo","hostname":"bogon","pid":50927,"level":20,"msg":"Processed: \u001b[35mlayout/_third-party/mathjax.swig\u001b[39m","time":"2017-05-06T03:52:22.555Z","v":0}
{"name":"hexo","hostname":"bogon","pid":50927,"level":20,"msg":"Processed: \u001b[35mlayout/_third-party/duoshuo-hot-articles.swig\u001b[39m","time":"2017-05-06T03:52:22.555Z","v":0}
{"name":"hexo","hostname":"bogon","pid":50927,"level":20,"msg":"Processed: \u001b[35mlayout/_third-party/schedule.swig\u001b[39m","time":"2017-05-06T03:52:22.555Z","v":0}
{"name":"hexo","hostname":"bogon","pid":50927,"level":20,"msg":"Processed: \u001b[35mlayout/_third-party/scroll-cookie.swig\u001b[39m","time":"2017-05-06T03:52:22.555Z","v":0}
{"name":"hexo","hostname":"bogon","pid":50927,"level":20,"msg":"Processed: \u001b[35msource/js/src/schemes/pisces.js\u001b[39m","time":"2017-05-06T03:52:22.559Z","v":0}
{"name":"hexo","hostname":"bogon","pid":50927,"level":20,"msg":"Processed: \u001b[35msource/lib/fancybox/source/blank.gif\u001b[39m","time":"2017-05-06T03:52:22.559Z","v":0}
{"name":"hexo","hostname":"bogon","pid":50927,"level":20,"msg":"Processed: \u001b[35msource/lib/Han/dist/han.min.js\u001b[39m","time":"2017-05-06T03:52:22.560Z","v":0}
{"name":"hexo","hostname":"bogon","pid":50927,"level":20,"msg":"Processed: \u001b[35msource/lib/Han/dist/han.min.css\u001b[39m","time":"2017-05-06T03:52:22.560Z","v":0}
{"name":"hexo","hostname":"bogon","pid":50927,"level":20,"msg":"Processed: \u001b[35msource/lib/fancybox/source/fancybox_loading.gif\u001b[39m","time":"2017-05-06T03:52:22.560Z","v":0}
{"name":"hexo","hostname":"bogon","pid":50927,"level":20,"msg":"Processed: \u001b[35msource/lib/fancybox/source/fancybox_sprite.png\u001b[39m","time":"2017-05-06T03:52:22.560Z","v":0}
{"name":"hexo","hostname":"bogon","pid":50927,"level":20,"msg":"Processed: \u001b[35msource/lib/fancybox/source/fancybox_loading@2x.gif\u001b[39m","time":"2017-05-06T03:52:22.561Z","v":0}
{"name":"hexo","hostname":"bogon","pid":50927,"level":20,"msg":"Processed: \u001b[35msource/lib/fancybox/source/fancybox_overlay.png\u001b[39m","time":"2017-05-06T03:52:22.561Z","v":0}
{"name":"hexo","hostname":"bogon","pid":50927,"level":20,"msg":"Processed: \u001b[35msource/lib/fancybox/source/fancybox_sprite@2x.png\u001b[39m","time":"2017-05-06T03:52:22.562Z","v":0}
{"name":"hexo","hostname":"bogon","pid":50927,"level":20,"msg":"Processed: \u001b[35msource/lib/fancybox/source/jquery.fancybox.css\u001b[39m","time":"2017-05-06T03:52:22.562Z","v":0}
{"name":"hexo","hostname":"bogon","pid":50927,"level":20,"msg":"Processed: \u001b[35msource/lib/fancybox/source/jquery.fancybox.js\u001b[39m","time":"2017-05-06T03:52:22.562Z","v":0}
{"name":"hexo","hostname":"bogon","pid":50927,"level":20,"msg":"Processed: \u001b[35msource/lib/fancybox/source/jquery.fancybox.pack.js\u001b[39m","time":"2017-05-06T03:52:22.563Z","v":0}
{"name":"hexo","hostname":"bogon","pid":50927,"level":20,"msg":"Processed: \u001b[35msource/lib/ua-parser-js/dist/ua-parser.pack.js\u001b[39m","time":"2017-05-06T03:52:22.564Z","v":0}
{"name":"hexo","hostname":"bogon","pid":50927,"level":20,"msg":"Processed: \u001b[35msource/lib/ua-parser-js/dist/ua-parser.min.js\u001b[39m","time":"2017-05-06T03:52:22.565Z","v":0}
{"name":"hexo","hostname":"bogon","pid":50927,"level":20,"msg":"Processed: \u001b[35msource/lib/fastclick/lib/fastclick.js\u001b[39m","time":"2017-05-06T03:52:22.565Z","v":0}
{"name":"hexo","hostname":"bogon","pid":50927,"level":20,"msg":"Processed: \u001b[35msource/lib/fastclick/lib/fastclick.min.js\u001b[39m","time":"2017-05-06T03:52:22.566Z","v":0}
{"name":"hexo","hostname":"bogon","pid":50927,"level":20,"msg":"Processed: \u001b[35msource/lib/font-awesome/css/font-awesome.css.map\u001b[39m","time":"2017-05-06T03:52:22.566Z","v":0}
{"name":"hexo","hostname":"bogon","pid":50927,"level":20,"msg":"Processed: \u001b[35msource/lib/font-awesome/css/font-awesome.min.css\u001b[39m","time":"2017-05-06T03:52:22.566Z","v":0}
{"name":"hexo","hostname":"bogon","pid":50927,"level":20,"msg":"Processed: \u001b[35msource/lib/font-awesome/css/font-awesome.css\u001b[39m","time":"2017-05-06T03:52:22.566Z","v":0}
{"name":"hexo","hostname":"bogon","pid":50927,"level":20,"msg":"Processed: \u001b[35mlayout/_scripts/schemes/muse.swig\u001b[39m","time":"2017-05-06T03:52:22.570Z","v":0}
{"name":"hexo","hostname":"bogon","pid":50927,"level":20,"msg":"Processed: \u001b[35mlayout/_scripts/schemes/mist.swig\u001b[39m","time":"2017-05-06T03:52:22.570Z","v":0}
{"name":"hexo","hostname":"bogon","pid":50927,"level":20,"msg":"Processed: \u001b[35msource/lib/Han/dist/han.js\u001b[39m","time":"2017-05-06T03:52:22.570Z","v":0}
{"name":"hexo","hostname":"bogon","pid":50927,"level":20,"msg":"Processed: \u001b[35msource/lib/Han/dist/han.css\u001b[39m","time":"2017-05-06T03:52:22.571Z","v":0}
{"name":"hexo","hostname":"bogon","pid":50927,"level":20,"msg":"Processed: \u001b[35msource/lib/velocity/velocity.js\u001b[39m","time":"2017-05-06T03:52:22.571Z","v":0}
{"name":"hexo","hostname":"bogon","pid":50927,"level":20,"msg":"Processed: \u001b[35msource/lib/font-awesome/fonts/fontawesome-webfont.woff\u001b[39m","time":"2017-05-06T03:52:22.571Z","v":0}
{"name":"hexo","hostname":"bogon","pid":50927,"level":20,"msg":"Processed: \u001b[35msource/lib/font-awesome/fonts/fontawesome-webfont.woff2\u001b[39m","time":"2017-05-06T03:52:22.571Z","v":0}
{"name":"hexo","hostname":"bogon","pid":50927,"level":20,"msg":"Processed: \u001b[35mlayout/_partials/head/custom-head.swig\u001b[39m","time":"2017-05-06T03:52:22.601Z","v":0}
{"name":"hexo","hostname":"bogon","pid":50927,"level":20,"msg":"Processed: \u001b[35mlayout/_partials/head/external-fonts.swig\u001b[39m","time":"2017-05-06T03:52:22.601Z","v":0}
{"name":"hexo","hostname":"bogon","pid":50927,"level":20,"msg":"Processed: \u001b[35mlayout/_partials/search/localsearch.swig\u001b[39m","time":"2017-05-06T03:52:22.601Z","v":0}
{"name":"hexo","hostname":"bogon","pid":50927,"level":20,"msg":"Processed: \u001b[35mlayout/_partials/search/swiftype.swig\u001b[39m","time":"2017-05-06T03:52:22.601Z","v":0}
{"name":"hexo","hostname":"bogon","pid":50927,"level":20,"msg":"Processed: \u001b[35mlayout/_partials/search/tinysou.swig\u001b[39m","time":"2017-05-06T03:52:22.601Z","v":0}
{"name":"hexo","hostname":"bogon","pid":50927,"level":20,"msg":"Processed: \u001b[35mlayout/_partials/share/add-this.swig\u001b[39m","time":"2017-05-06T03:52:22.601Z","v":0}
{"name":"hexo","hostname":"bogon","pid":50927,"level":20,"msg":"Processed: \u001b[35mlayout/_partials/share/jiathis.swig\u001b[39m","time":"2017-05-06T03:52:22.601Z","v":0}
{"name":"hexo","hostname":"bogon","pid":50927,"level":20,"msg":"Processed: \u001b[35mlayout/_partials/share/duoshuo_share.swig\u001b[39m","time":"2017-05-06T03:52:22.601Z","v":0}
{"name":"hexo","hostname":"bogon","pid":50927,"level":20,"msg":"Processed: \u001b[35mlayout/_partials/share/baidushare.swig\u001b[39m","time":"2017-05-06T03:52:22.602Z","v":0}
{"name":"hexo","hostname":"bogon","pid":50927,"level":20,"msg":"Processed: \u001b[35mlayout/_scripts/pages/post-details.swig\u001b[39m","time":"2017-05-06T03:52:22.602Z","v":0}
{"name":"hexo","hostname":"bogon","pid":50927,"level":20,"msg":"Processed: \u001b[35mlayout/_third-party/analytics/baidu-analytics.swig\u001b[39m","time":"2017-05-06T03:52:22.602Z","v":0}
{"name":"hexo","hostname":"bogon","pid":50927,"level":20,"msg":"Processed: \u001b[35mlayout/_scripts/schemes/pisces.swig\u001b[39m","time":"2017-05-06T03:52:22.602Z","v":0}
{"name":"hexo","hostname":"bogon","pid":50927,"level":20,"msg":"Processed: \u001b[35mlayout/_third-party/analytics/application-insights.swig\u001b[39m","time":"2017-05-06T03:52:22.602Z","v":0}
{"name":"hexo","hostname":"bogon","pid":50927,"level":20,"msg":"Processed: \u001b[35mlayout/_third-party/analytics/facebook-sdk.swig\u001b[39m","time":"2017-05-06T03:52:22.602Z","v":0}
{"name":"hexo","hostname":"bogon","pid":50927,"level":20,"msg":"Processed: \u001b[35mlayout/_third-party/analytics/busuanzi-counter.swig\u001b[39m","time":"2017-05-06T03:52:22.602Z","v":0}
{"name":"hexo","hostname":"bogon","pid":50927,"level":20,"msg":"Processed: \u001b[35mlayout/_third-party/analytics/google-analytics.swig\u001b[39m","time":"2017-05-06T03:52:22.602Z","v":0}
{"name":"hexo","hostname":"bogon","pid":50927,"level":20,"msg":"Processed: \u001b[35mlayout/_third-party/analytics/lean-analytics.swig\u001b[39m","time":"2017-05-06T03:52:22.602Z","v":0}
{"name":"hexo","hostname":"bogon","pid":50927,"level":20,"msg":"Processed: \u001b[35mlayout/_third-party/analytics/index.swig\u001b[39m","time":"2017-05-06T03:52:22.602Z","v":0}
{"name":"hexo","hostname":"bogon","pid":50927,"level":20,"msg":"Processed: \u001b[35mlayout/_third-party/analytics/cnzz-analytics.swig\u001b[39m","time":"2017-05-06T03:52:22.602Z","v":0}
{"name":"hexo","hostname":"bogon","pid":50927,"level":20,"msg":"Processed: \u001b[35mlayout/_third-party/analytics/tencent-mta.swig\u001b[39m","time":"2017-05-06T03:52:22.602Z","v":0}
{"name":"hexo","hostname":"bogon","pid":50927,"level":20,"msg":"Processed: \u001b[35mlayout/_third-party/analytics/tencent-analytics.swig\u001b[39m","time":"2017-05-06T03:52:22.602Z","v":0}
{"name":"hexo","hostname":"bogon","pid":50927,"level":20,"msg":"Processed: \u001b[35mlayout/_third-party/analytics/vkontakte-api.swig\u001b[39m","time":"2017-05-06T03:52:22.602Z","v":0}
{"name":"hexo","hostname":"bogon","pid":50927,"level":20,"msg":"Processed: \u001b[35mlayout/_third-party/comments/changyan.swig\u001b[39m","time":"2017-05-06T03:52:22.603Z","v":0}
{"name":"hexo","hostname":"bogon","pid":50927,"level":20,"msg":"Processed: \u001b[35mlayout/_third-party/comments/duoshuo.swig\u001b[39m","time":"2017-05-06T03:52:22.603Z","v":0}
{"name":"hexo","hostname":"bogon","pid":50927,"level":20,"msg":"Processed: \u001b[35mlayout/_third-party/comments/gentie.swig\u001b[39m","time":"2017-05-06T03:52:22.603Z","v":0}
{"name":"hexo","hostname":"bogon","pid":50927,"level":20,"msg":"Processed: \u001b[35mlayout/_third-party/comments/hypercomments.swig\u001b[39m","time":"2017-05-06T03:52:22.603Z","v":0}
{"name":"hexo","hostname":"bogon","pid":50927,"level":20,"msg":"Processed: \u001b[35mlayout/_third-party/comments/index.swig\u001b[39m","time":"2017-05-06T03:52:22.603Z","v":0}
{"name":"hexo","hostname":"bogon","pid":50927,"level":20,"msg":"Processed: \u001b[35mlayout/_third-party/comments/disqus.swig\u001b[39m","time":"2017-05-06T03:52:22.603Z","v":0}
{"name":"hexo","hostname":"bogon","pid":50927,"level":20,"msg":"Processed: \u001b[35mlayout/_third-party/comments/livere.swig\u001b[39m","time":"2017-05-06T03:52:22.603Z","v":0}
{"name":"hexo","hostname":"bogon","pid":50927,"level":20,"msg":"Processed: \u001b[35mlayout/_third-party/comments/youyan.swig\u001b[39m","time":"2017-05-06T03:52:22.603Z","v":0}
{"name":"hexo","hostname":"bogon","pid":50927,"level":20,"msg":"Processed: \u001b[35mlayout/_third-party/search/index.swig\u001b[39m","time":"2017-05-06T03:52:22.603Z","v":0}
{"name":"hexo","hostname":"bogon","pid":50927,"level":20,"msg":"Processed: \u001b[35mlayout/_third-party/search/tinysou.swig\u001b[39m","time":"2017-05-06T03:52:22.603Z","v":0}
{"name":"hexo","hostname":"bogon","pid":50927,"level":20,"msg":"Processed: \u001b[35mlayout/_third-party/search/localsearch.swig\u001b[39m","time":"2017-05-06T03:52:22.603Z","v":0}
{"name":"hexo","hostname":"bogon","pid":50927,"level":20,"msg":"Processed: \u001b[35mlayout/_third-party/seo/baidu-push.swig\u001b[39m","time":"2017-05-06T03:52:22.603Z","v":0}
{"name":"hexo","hostname":"bogon","pid":50927,"level":20,"msg":"Processed: \u001b[35msource/lib/Han/dist/font/han-space.woff\u001b[39m","time":"2017-05-06T03:52:22.609Z","v":0}
{"name":"hexo","hostname":"bogon","pid":50927,"level":20,"msg":"Processed: \u001b[35msource/lib/Han/dist/font/han-space.otf\u001b[39m","time":"2017-05-06T03:52:22.610Z","v":0}
{"name":"hexo","hostname":"bogon","pid":50927,"level":20,"msg":"Processed: \u001b[35msource/lib/Han/dist/font/han.otf\u001b[39m","time":"2017-05-06T03:52:22.610Z","v":0}
{"name":"hexo","hostname":"bogon","pid":50927,"level":20,"msg":"Processed: \u001b[35msource/lib/Han/dist/font/han.woff\u001b[39m","time":"2017-05-06T03:52:22.610Z","v":0}
{"name":"hexo","hostname":"bogon","pid":50927,"level":20,"msg":"Processed: \u001b[35msource/lib/fancybox/source/helpers/fancybox_buttons.png\u001b[39m","time":"2017-05-06T03:52:22.611Z","v":0}
{"name":"hexo","hostname":"bogon","pid":50927,"level":20,"msg":"Processed: \u001b[35msource/lib/fancybox/source/helpers/jquery.fancybox-buttons.js\u001b[39m","time":"2017-05-06T03:52:22.611Z","v":0}
{"name":"hexo","hostname":"bogon","pid":50927,"level":20,"msg":"Processed: \u001b[35msource/lib/fancybox/source/helpers/jquery.fancybox-buttons.css\u001b[39m","time":"2017-05-06T03:52:22.611Z","v":0}
{"name":"hexo","hostname":"bogon","pid":50927,"level":20,"msg":"Processed: \u001b[35msource/lib/fancybox/source/helpers/jquery.fancybox-media.js\u001b[39m","time":"2017-05-06T03:52:22.621Z","v":0}
{"name":"hexo","hostname":"bogon","pid":50927,"level":20,"msg":"Processed: \u001b[35msource/lib/fancybox/source/helpers/jquery.fancybox-thumbs.js\u001b[39m","time":"2017-05-06T03:52:22.622Z","v":0}
{"name":"hexo","hostname":"bogon","pid":50927,"level":20,"msg":"Processed: \u001b[35msource/lib/fancybox/source/helpers/jquery.fancybox-thumbs.css\u001b[39m","time":"2017-05-06T03:52:22.622Z","v":0}
{"name":"hexo","hostname":"bogon","pid":50927,"level":20,"msg":"Processed: \u001b[35msource/lib/font-awesome/fonts/FontAwesome.otf\u001b[39m","time":"2017-05-06T03:52:22.622Z","v":0}
{"name":"hexo","hostname":"bogon","pid":50927,"level":20,"msg":"Processed: \u001b[35msource/lib/font-awesome/fonts/fontawesome-webfont.eot\u001b[39m","time":"2017-05-06T03:52:22.622Z","v":0}
{"name":"hexo","hostname":"bogon","pid":50927,"level":20,"msg":"Processed: \u001b[35msource/lib/font-awesome/fonts/fontawesome-webfont.ttf\u001b[39m","time":"2017-05-06T03:52:22.623Z","v":0}
{"name":"hexo","hostname":"bogon","pid":50927,"level":20,"msg":"Processed: \u001b[35msource/lib/algolia-instant-search/instantsearch.min.js\u001b[39m","time":"2017-05-06T03:52:22.626Z","v":0}
{"name":"hexo","hostname":"bogon","pid":50927,"level":20,"msg":"Processed: \u001b[35mlayout/_third-party/search/algolia-search/dom.swig\u001b[39m","time":"2017-05-06T03:52:22.628Z","v":0}
{"name":"hexo","hostname":"bogon","pid":50927,"level":20,"msg":"Processed: \u001b[35mlayout/_third-party/search/algolia-search/assets.swig\u001b[39m","time":"2017-05-06T03:52:22.628Z","v":0}
{"name":"hexo","hostname":"bogon","pid":50927,"level":20,"msg":"Processed: \u001b[35msource/lib/three/three.min.js\u001b[39m","time":"2017-05-06T03:52:22.629Z","v":0}
{"name":"hexo","hostname":"bogon","pid":50927,"level":20,"msg":"Processed: \u001b[35msource/lib/font-awesome/fonts/fontawesome-webfont.svg\u001b[39m","time":"2017-05-06T03:52:22.630Z","v":0}
{"name":"hexo","hostname":"bogon","pid":50927,"level":20,"msg":"Generator: \u001b[35mpage\u001b[39m","time":"2017-05-06T03:52:22.840Z","v":0}
{"name":"hexo","hostname":"bogon","pid":50927,"level":20,"msg":"Generator: \u001b[35mpost\u001b[39m","time":"2017-05-06T03:52:22.840Z","v":0}
{"name":"hexo","hostname":"bogon","pid":50927,"level":20,"msg":"Generator: \u001b[35marchive\u001b[39m","time":"2017-05-06T03:52:22.840Z","v":0}
{"name":"hexo","hostname":"bogon","pid":50927,"level":20,"msg":"Generator: \u001b[35mindex\u001b[39m","time":"2017-05-06T03:52:22.840Z","v":0}
{"name":"hexo","hostname":"bogon","pid":50927,"level":20,"msg":"Generator: \u001b[35mxml\u001b[39m","time":"2017-05-06T03:52:22.840Z","v":0}
{"name":"hexo","hostname":"bogon","pid":50927,"level":20,"msg":"Generator: \u001b[35mcategory\u001b[39m","time":"2017-05-06T03:52:22.840Z","v":0}
{"name":"hexo","hostname":"bogon","pid":50927,"level":20,"msg":"Generator: \u001b[35mtag\u001b[39m","time":"2017-05-06T03:52:22.840Z","v":0}
{"name":"hexo","hostname":"bogon","pid":50927,"level":20,"msg":"Generator: \u001b[35masset\u001b[39m","time":"2017-05-06T03:52:22.844Z","v":0}
{"name":"hexo","hostname":"bogon","pid":50927,"level":30,"msg":"Hexo is running at \u001b[4mhttp://localhost:4000/\u001b[24m. Press Ctrl+C to stop.","time":"2017-05-06T03:52:22.856Z","v":0}
{"name":"hexo","hostname":"bogon","pid":50927,"level":20,"msg":"Database saved","time":"2017-05-06T03:52:22.875Z","v":0}
{"name":"hexo","hostname":"bogon","pid":50927,"level":20,"msg":"Rendering page: \u001b[35m404.html\u001b[39m","time":"2017-05-06T03:52:24.012Z","v":0}
{"name":"hexo","hostname":"bogon","pid":50927,"level":20,"msg":"Rendering page: \u001b[35m404.html\u001b[39m","time":"2017-05-06T03:52:43.030Z","v":0}
{"name":"hexo","hostname":"bogon","pid":50927,"level":20,"msg":"Rendering index: \u001b[35mindex.html\u001b[39m","time":"2017-05-06T03:52:49.530Z","v":0}
{"name":"hexo","hostname":"bogon","pid":50927,"level":20,"msg":"Rendering index: \u001b[35mindex.html\u001b[39m","time":"2017-05-06T03:52:49.594Z","v":0}
{"name":"hexo","hostname":"bogon","pid":50927,"level":20,"msg":"Rendering index: \u001b[35mindex.html\u001b[39m","time":"2017-05-06T03:53:08.829Z","v":0}
{"name":"hexo","hostname":"bogon","pid":50927,"level":20,"msg":"Rendering index: \u001b[35mindex.html\u001b[39m","time":"2017-05-06T03:53:09.669Z","v":0}
{"name":"hexo","hostname":"bogon","pid":50927,"level":20,"msg":"Rendering page: \u001b[35m404.html\u001b[39m","time":"2017-05-06T03:53:16.879Z","v":0}
{"name":"hexo","hostname":"bogon","pid":50927,"level":20,"msg":"Generator: \u001b[35mpage\u001b[39m","time":"2017-05-06T03:53:57.727Z","v":0}
{"name":"hexo","hostname":"bogon","pid":50927,"level":20,"msg":"Generator: \u001b[35mpost\u001b[39m","time":"2017-05-06T03:53:57.727Z","v":0}
{"name":"hexo","hostname":"bogon","pid":50927,"level":20,"msg":"Generator: \u001b[35marchive\u001b[39m","time":"2017-05-06T03:53:57.727Z","v":0}
{"name":"hexo","hostname":"bogon","pid":50927,"level":20,"msg":"Generator: \u001b[35mindex\u001b[39m","time":"2017-05-06T03:53:57.727Z","v":0}
{"name":"hexo","hostname":"bogon","pid":50927,"level":20,"msg":"Generator: \u001b[35mxml\u001b[39m","time":"2017-05-06T03:53:57.727Z","v":0}
{"name":"hexo","hostname":"bogon","pid":50927,"level":20,"msg":"Generator: \u001b[35mcategory\u001b[39m","time":"2017-05-06T03:53:57.727Z","v":0}
{"name":"hexo","hostname":"bogon","pid":50927,"level":20,"msg":"Generator: \u001b[35mtag\u001b[39m","time":"2017-05-06T03:53:57.727Z","v":0}
{"name":"hexo","hostname":"bogon","pid":50927,"level":20,"msg":"Generator: \u001b[35masset\u001b[39m","time":"2017-05-06T03:53:57.730Z","v":0}
{"name":"hexo","hostname":"bogon","pid":50927,"level":20,"msg":"Theme config loaded.","time":"2017-05-06T03:54:49.799Z","v":0}
{"name":"hexo","hostname":"bogon","pid":50927,"level":20,"msg":"Processed: \u001b[35m_config.yml\u001b[39m","time":"2017-05-06T03:54:49.800Z","v":0}
{"name":"hexo","hostname":"bogon","pid":50927,"level":20,"msg":"Generator: \u001b[35mpage\u001b[39m","time":"2017-05-06T03:54:49.915Z","v":0}
{"name":"hexo","hostname":"bogon","pid":50927,"level":20,"msg":"Generator: \u001b[35mpost\u001b[39m","time":"2017-05-06T03:54:49.916Z","v":0}
{"name":"hexo","hostname":"bogon","pid":50927,"level":20,"msg":"Generator: \u001b[35marchive\u001b[39m","time":"2017-05-06T03:54:49.916Z","v":0}
{"name":"hexo","hostname":"bogon","pid":50927,"level":20,"msg":"Generator: \u001b[35mindex\u001b[39m","time":"2017-05-06T03:54:49.916Z","v":0}
{"name":"hexo","hostname":"bogon","pid":50927,"level":20,"msg":"Generator: \u001b[35mxml\u001b[39m","time":"2017-05-06T03:54:49.916Z","v":0}
{"name":"hexo","hostname":"bogon","pid":50927,"level":20,"msg":"Generator: \u001b[35mcategory\u001b[39m","time":"2017-05-06T03:54:49.916Z","v":0}
{"name":"hexo","hostname":"bogon","pid":50927,"level":20,"msg":"Generator: \u001b[35mtag\u001b[39m","time":"2017-05-06T03:54:49.916Z","v":0}
{"name":"hexo","hostname":"bogon","pid":50927,"level":20,"msg":"Generator: \u001b[35masset\u001b[39m","time":"2017-05-06T03:54:49.918Z","v":0}
{"name":"hexo","hostname":"bogon","pid":50927,"level":20,"msg":"Rendering page: \u001b[35m404.html\u001b[39m","time":"2017-05-06T03:54:53.588Z","v":0}
{"name":"hexo","hostname":"bogon","pid":50927,"level":20,"msg":"Rendering page: \u001b[35m404.html\u001b[39m","time":"2017-05-06T03:54:58.710Z","v":0}
{"name":"hexo","hostname":"bogon","pid":50927,"level":20,"msg":"Rendering index: \u001b[35mindex.html\u001b[39m","time":"2017-05-06T03:54:59.868Z","v":0}
{"name":"hexo","hostname":"bogon","pid":50927,"level":20,"msg":"Rendering index: \u001b[35mindex.html\u001b[39m","time":"2017-05-06T03:55:00.463Z","v":0}
{"name":"hexo","hostname":"bogon","pid":50927,"level":20,"msg":"Rendering post: \u001b[35m2017/05/06/first-blog/index.html\u001b[39m","time":"2017-05-06T03:55:07.242Z","v":0}
{"name":"hexo","hostname":"bogon","pid":50927,"level":20,"msg":"Theme config loaded.","time":"2017-05-06T03:55:36.503Z","v":0}
{"name":"hexo","hostname":"bogon","pid":50927,"level":20,"msg":"Processed: \u001b[35m_config.yml\u001b[39m","time":"2017-05-06T03:55:36.503Z","v":0}
{"name":"hexo","hostname":"bogon","pid":50927,"level":20,"msg":"Generator: \u001b[35mpage\u001b[39m","time":"2017-05-06T03:55:36.626Z","v":0}
{"name":"hexo","hostname":"bogon","pid":50927,"level":20,"msg":"Generator: \u001b[35mpost\u001b[39m","time":"2017-05-06T03:55:36.626Z","v":0}
{"name":"hexo","hostname":"bogon","pid":50927,"level":20,"msg":"Generator: \u001b[35marchive\u001b[39m","time":"2017-05-06T03:55:36.626Z","v":0}
{"name":"hexo","hostname":"bogon","pid":50927,"level":20,"msg":"Generator: \u001b[35mindex\u001b[39m","time":"2017-05-06T03:55:36.626Z","v":0}
{"name":"hexo","hostname":"bogon","pid":50927,"level":20,"msg":"Generator: \u001b[35mxml\u001b[39m","time":"2017-05-06T03:55:36.626Z","v":0}
{"name":"hexo","hostname":"bogon","pid":50927,"level":20,"msg":"Generator: \u001b[35mcategory\u001b[39m","time":"2017-05-06T03:55:36.626Z","v":0}
{"name":"hexo","hostname":"bogon","pid":50927,"level":20,"msg":"Generator: \u001b[35mtag\u001b[39m","time":"2017-05-06T03:55:36.626Z","v":0}
{"name":"hexo","hostname":"bogon","pid":50927,"level":20,"msg":"Generator: \u001b[35masset\u001b[39m","time":"2017-05-06T03:55:36.627Z","v":0}
{"name":"hexo","hostname":"bogon","pid":50927,"level":20,"msg":"Rendering index: \u001b[35mindex.html\u001b[39m","time":"2017-05-06T03:55:42.562Z","v":0}
{"name":"hexo","hostname":"bogon","pid":50927,"level":20,"msg":"Rendering post: \u001b[35m2017/05/06/first-blog/index.html\u001b[39m","time":"2017-05-06T03:56:02.793Z","v":0}
{"name":"hexo","hostname":"bogon","pid":50927,"level":20,"msg":"Theme config loaded.","time":"2017-05-06T03:56:19.710Z","v":0}
{"name":"hexo","hostname":"bogon","pid":50927,"level":20,"msg":"Processed: \u001b[35m_config.yml\u001b[39m","time":"2017-05-06T03:56:19.710Z","v":0}
{"name":"hexo","hostname":"bogon","pid":50927,"level":20,"msg":"Generator: \u001b[35mpage\u001b[39m","time":"2017-05-06T03:56:19.851Z","v":0}
{"name":"hexo","hostname":"bogon","pid":50927,"level":20,"msg":"Generator: \u001b[35mpost\u001b[39m","time":"2017-05-06T03:56:19.851Z","v":0}
{"name":"hexo","hostname":"bogon","pid":50927,"level":20,"msg":"Generator: \u001b[35marchive\u001b[39m","time":"2017-05-06T03:56:19.851Z","v":0}
{"name":"hexo","hostname":"bogon","pid":50927,"level":20,"msg":"Generator: \u001b[35mindex\u001b[39m","time":"2017-05-06T03:56:19.852Z","v":0}
{"name":"hexo","hostname":"bogon","pid":50927,"level":20,"msg":"Generator: \u001b[35mxml\u001b[39m","time":"2017-05-06T03:56:19.852Z","v":0}
{"name":"hexo","hostname":"bogon","pid":50927,"level":20,"msg":"Generator: \u001b[35mcategory\u001b[39m","time":"2017-05-06T03:56:19.852Z","v":0}
{"name":"hexo","hostname":"bogon","pid":50927,"level":20,"msg":"Generator: \u001b[35mtag\u001b[39m","time":"2017-05-06T03:56:19.852Z","v":0}
{"name":"hexo","hostname":"bogon","pid":50927,"level":20,"msg":"Generator: \u001b[35masset\u001b[39m","time":"2017-05-06T03:56:19.858Z","v":0}
{"name":"hexo","hostname":"bogon","pid":50927,"level":20,"msg":"Rendering index: \u001b[35mindex.html\u001b[39m","time":"2017-05-06T03:56:53.636Z","v":0}
{"name":"hexo","hostname":"bogon","pid":50927,"level":20,"msg":"Rendering post: \u001b[35m2017/05/06/first-blog/index.html\u001b[39m","time":"2017-05-06T03:56:57.025Z","v":0}
{"name":"hexo","hostname":"bogon","pid":50927,"level":20,"msg":"Theme config loaded.","time":"2017-05-06T03:58:17.369Z","v":0}
{"name":"hexo","hostname":"bogon","pid":50927,"level":20,"msg":"Processed: \u001b[35m_config.yml\u001b[39m","time":"2017-05-06T03:58:17.369Z","v":0}
{"name":"hexo","hostname":"bogon","pid":50927,"level":20,"msg":"Generator: \u001b[35mpage\u001b[39m","time":"2017-05-06T03:58:17.485Z","v":0}
{"name":"hexo","hostname":"bogon","pid":50927,"level":20,"msg":"Generator: \u001b[35mpost\u001b[39m","time":"2017-05-06T03:58:17.486Z","v":0}
{"name":"hexo","hostname":"bogon","pid":50927,"level":20,"msg":"Generator: \u001b[35marchive\u001b[39m","time":"2017-05-06T03:58:17.486Z","v":0}
{"name":"hexo","hostname":"bogon","pid":50927,"level":20,"msg":"Generator: \u001b[35mindex\u001b[39m","time":"2017-05-06T03:58:17.486Z","v":0}
{"name":"hexo","hostname":"bogon","pid":50927,"level":20,"msg":"Generator: \u001b[35mxml\u001b[39m","time":"2017-05-06T03:58:17.486Z","v":0}
{"name":"hexo","hostname":"bogon","pid":50927,"level":20,"msg":"Generator: \u001b[35mcategory\u001b[39m","time":"2017-05-06T03:58:17.486Z","v":0}
{"name":"hexo","hostname":"bogon","pid":50927,"level":20,"msg":"Generator: \u001b[35mtag\u001b[39m","time":"2017-05-06T03:58:17.486Z","v":0}
{"name":"hexo","hostname":"bogon","pid":50927,"level":20,"msg":"Generator: \u001b[35masset\u001b[39m","time":"2017-05-06T03:58:17.488Z","v":0}
{"name":"hexo","hostname":"bogon","pid":50927,"level":20,"msg":"Rendering post: \u001b[35m2017/05/06/first-blog/index.html\u001b[39m","time":"2017-05-06T03:58:20.275Z","v":0}
{"name":"hexo","hostname":"bogon","pid":50927,"level":20,"msg":"Rendering index: \u001b[35mindex.html\u001b[39m","time":"2017-05-06T03:58:25.319Z","v":0}
{"name":"hexo","hostname":"bogon","pid":50927,"level":20,"msg":"Rendering post: \u001b[35m2017/05/06/first-blog/index.html\u001b[39m","time":"2017-05-06T03:58:28.144Z","v":0}
{"name":"hexo","hostname":"bogon","pid":50927,"level":20,"msg":"Theme config loaded.","time":"2017-05-06T04:00:30.646Z","v":0}
{"name":"hexo","hostname":"bogon","pid":50927,"level":20,"msg":"Processed: \u001b[35m_config.yml\u001b[39m","time":"2017-05-06T04:00:30.646Z","v":0}
{"name":"hexo","hostname":"bogon","pid":50927,"level":20,"msg":"Generator: \u001b[35mpage\u001b[39m","time":"2017-05-06T04:00:30.765Z","v":0}
{"name":"hexo","hostname":"bogon","pid":50927,"level":20,"msg":"Generator: \u001b[35mpost\u001b[39m","time":"2017-05-06T04:00:30.765Z","v":0}
{"name":"hexo","hostname":"bogon","pid":50927,"level":20,"msg":"Generator: \u001b[35marchive\u001b[39m","time":"2017-05-06T04:00:30.765Z","v":0}
{"name":"hexo","hostname":"bogon","pid":50927,"level":20,"msg":"Generator: \u001b[35mindex\u001b[39m","time":"2017-05-06T04:00:30.766Z","v":0}
{"name":"hexo","hostname":"bogon","pid":50927,"level":20,"msg":"Generator: \u001b[35mxml\u001b[39m","time":"2017-05-06T04:00:30.766Z","v":0}
{"name":"hexo","hostname":"bogon","pid":50927,"level":20,"msg":"Generator: \u001b[35mcategory\u001b[39m","time":"2017-05-06T04:00:30.766Z","v":0}
{"name":"hexo","hostname":"bogon","pid":50927,"level":20,"msg":"Generator: \u001b[35mtag\u001b[39m","time":"2017-05-06T04:00:30.766Z","v":0}
{"name":"hexo","hostname":"bogon","pid":50927,"level":20,"msg":"Generator: \u001b[35masset\u001b[39m","time":"2017-05-06T04:00:30.767Z","v":0}
{"name":"hexo","hostname":"bogon","pid":50927,"level":20,"msg":"Rendering post: \u001b[35m2017/05/06/first-blog/index.html\u001b[39m","time":"2017-05-06T04:00:32.157Z","v":0}
{"name":"hexo","hostname":"bogon","pid":50927,"level":20,"msg":"Rendering index: \u001b[35mindex.html\u001b[39m","time":"2017-05-06T04:00:34.987Z","v":0}
{"name":"hexo","hostname":"bogon","pid":50927,"level":20,"msg":"Theme config loaded.","time":"2017-05-06T04:15:21.694Z","v":0}
{"name":"hexo","hostname":"bogon","pid":50927,"level":20,"msg":"Processed: \u001b[35m_config.yml\u001b[39m","time":"2017-05-06T04:15:21.694Z","v":0}
{"name":"hexo","hostname":"bogon","pid":50927,"level":20,"msg":"Generator: \u001b[35mpage\u001b[39m","time":"2017-05-06T04:15:21.814Z","v":0}
{"name":"hexo","hostname":"bogon","pid":50927,"level":20,"msg":"Generator: \u001b[35mpost\u001b[39m","time":"2017-05-06T04:15:21.814Z","v":0}
{"name":"hexo","hostname":"bogon","pid":50927,"level":20,"msg":"Generator: \u001b[35marchive\u001b[39m","time":"2017-05-06T04:15:21.814Z","v":0}
{"name":"hexo","hostname":"bogon","pid":50927,"level":20,"msg":"Generator: \u001b[35mindex\u001b[39m","time":"2017-05-06T04:15:21.814Z","v":0}
{"name":"hexo","hostname":"bogon","pid":50927,"level":20,"msg":"Generator: \u001b[35mxml\u001b[39m","time":"2017-05-06T04:15:21.814Z","v":0}
{"name":"hexo","hostname":"bogon","pid":50927,"level":20,"msg":"Generator: \u001b[35mcategory\u001b[39m","time":"2017-05-06T04:15:21.814Z","v":0}
{"name":"hexo","hostname":"bogon","pid":50927,"level":20,"msg":"Generator: \u001b[35mtag\u001b[39m","time":"2017-05-06T04:15:21.814Z","v":0}
{"name":"hexo","hostname":"bogon","pid":50927,"level":20,"msg":"Generator: \u001b[35masset\u001b[39m","time":"2017-05-06T04:15:21.817Z","v":0}
{"name":"hexo","hostname":"bogon","pid":50927,"level":20,"msg":"Theme config loaded.","time":"2017-05-06T04:16:11.503Z","v":0}
{"name":"hexo","hostname":"bogon","pid":50927,"level":20,"msg":"Processed: \u001b[35m_config.yml\u001b[39m","time":"2017-05-06T04:16:11.504Z","v":0}
{"name":"hexo","hostname":"bogon","pid":50927,"level":20,"msg":"Generator: \u001b[35mpage\u001b[39m","time":"2017-05-06T04:16:11.616Z","v":0}
{"name":"hexo","hostname":"bogon","pid":50927,"level":20,"msg":"Generator: \u001b[35mpost\u001b[39m","time":"2017-05-06T04:16:11.617Z","v":0}
{"name":"hexo","hostname":"bogon","pid":50927,"level":20,"msg":"Generator: \u001b[35marchive\u001b[39m","time":"2017-05-06T04:16:11.617Z","v":0}
{"name":"hexo","hostname":"bogon","pid":50927,"level":20,"msg":"Generator: \u001b[35mindex\u001b[39m","time":"2017-05-06T04:16:11.617Z","v":0}
{"name":"hexo","hostname":"bogon","pid":50927,"level":20,"msg":"Generator: \u001b[35mxml\u001b[39m","time":"2017-05-06T04:16:11.617Z","v":0}
{"name":"hexo","hostname":"bogon","pid":50927,"level":20,"msg":"Generator: \u001b[35mcategory\u001b[39m","time":"2017-05-06T04:16:11.617Z","v":0}
{"name":"hexo","hostname":"bogon","pid":50927,"level":20,"msg":"Generator: \u001b[35mtag\u001b[39m","time":"2017-05-06T04:16:11.617Z","v":0}
{"name":"hexo","hostname":"bogon","pid":50927,"level":20,"msg":"Generator: \u001b[35masset\u001b[39m","time":"2017-05-06T04:16:11.619Z","v":0}
{"name":"hexo","hostname":"bogon","pid":50927,"level":20,"msg":"Rendering index: \u001b[35mindex.html\u001b[39m","time":"2017-05-06T04:16:14.739Z","v":0}
{"name":"hexo","hostname":"bogon","pid":50927,"level":20,"msg":"Rendering post: \u001b[35m2017/05/06/first-blog/index.html\u001b[39m","time":"2017-05-06T04:16:18.264Z","v":0}
{"name":"hexo","hostname":"bogon","pid":50927,"level":20,"msg":"Rendering index: \u001b[35mindex.html\u001b[39m","time":"2017-05-06T04:16:57.892Z","v":0}
{"name":"hexo","hostname":"bogon","pid":50927,"level":30,"msg":"Farewell","time":"2017-05-06T04:20:13.424Z","v":0}
{"name":"hexo","hostname":"bogon","pid":50927,"level":20,"msg":"Database saved","time":"2017-05-06T04:20:13.451Z","v":0}
